0 info it worked if it ends with ok
1 verbose cli [ '/Users/humairaamahomed/.nvm/versions/node/v6.15.0/bin/node',
1 verbose cli   '/Users/humairaamahomed/.nvm/versions/node/v6.15.0/bin/npm',
1 verbose cli   'run',
1 verbose cli   'twilioResources',
1 verbose cli   '--',
1 verbose cli   'import-account-defaults',
1 verbose cli   'mt-kellimni-staging',
1 verbose cli   '[-v',
1 verbose cli   '/Users/humairaamahomed/flex-plugins/twilio-iac/mt-kellimni-staging/mt.private.tfvars]' ]
2 info using npm@3.10.10
3 info using node@v6.15.0
4 verbose run-script [ 'pretwilioResources',
4 verbose run-script   'twilioResources',
4 verbose run-script   'posttwilioResources' ]
5 info lifecycle deploy-scripts@1.0.0~pretwilioResources: deploy-scripts@1.0.0
6 silly lifecycle deploy-scripts@1.0.0~pretwilioResources: no script for pretwilioResources, continuing
7 info lifecycle deploy-scripts@1.0.0~twilioResources: deploy-scripts@1.0.0
8 verbose lifecycle deploy-scripts@1.0.0~twilioResources: unsafe-perm in lifecycle true
9 verbose lifecycle deploy-scripts@1.0.0~twilioResources: PATH: /Users/humairaamahomed/.nvm/versions/node/v6.15.0/lib/node_modules/npm/bin/node-gyp-bin:/Users/humairaamahomed/flex-plugins/scripts/node_modules/.bin:/Users/humairaamahomed/.nvm/versions/node/v6.15.0/bin:/usr/local/bin:/usr/bin:/bin:/usr/sbin:/sbin:/Users/humairaamahomed/.rvm/bin
10 verbose lifecycle deploy-scripts@1.0.0~twilioResources: CWD: /Users/humairaamahomed/flex-plugins/scripts
11 silly lifecycle deploy-scripts@1.0.0~twilioResources: Args: [ '-c',
11 silly lifecycle   'npm run compile && node dist/terraformSupplemental/twilioResources.js "import-account-defaults" "mt-kellimni-staging" "[-v" "/Users/humairaamahomed/flex-plugins/twilio-iac/mt-kellimni-staging/mt.private.tfvars]"' ]
12 silly lifecycle deploy-scripts@1.0.0~twilioResources: Returned: code: 1  signal: null
13 info lifecycle deploy-scripts@1.0.0~twilioResources: Failed to exec twilioResources script
14 verbose stack Error: deploy-scripts@1.0.0 twilioResources: `npm run compile && node dist/terraformSupplemental/twilioResources.js "import-account-defaults" "mt-kellimni-staging" "[-v" "/Users/humairaamahomed/flex-plugins/twilio-iac/mt-kellimni-staging/mt.private.tfvars]"`
14 verbose stack Exit status 1
14 verbose stack     at EventEmitter.<anonymous> (/Users/humairaamahomed/.nvm/versions/node/v6.15.0/lib/node_modules/npm/lib/utils/lifecycle.js:255:16)
14 verbose stack     at emitTwo (events.js:106:13)
14 verbose stack     at EventEmitter.emit (events.js:191:7)
14 verbose stack     at ChildProcess.<anonymous> (/Users/humairaamahomed/.nvm/versions/node/v6.15.0/lib/node_modules/npm/lib/utils/spawn.js:40:14)
14 verbose stack     at emitTwo (events.js:106:13)
14 verbose stack     at ChildProcess.emit (events.js:191:7)
14 verbose stack     at maybeClose (internal/child_process.js:920:16)
14 verbose stack     at Process.ChildProcess._handle.onexit (internal/child_process.js:230:5)
15 verbose pkgid deploy-scripts@1.0.0
16 verbose cwd /Users/humairaamahomed/flex-plugins/scripts
17 error Darwin 20.6.0
18 error argv "/Users/humairaamahomed/.nvm/versions/node/v6.15.0/bin/node" "/Users/humairaamahomed/.nvm/versions/node/v6.15.0/bin/npm" "run" "twilioResources" "--" "import-account-defaults" "mt-kellimni-staging" "[-v" "/Users/humairaamahomed/flex-plugins/twilio-iac/mt-kellimni-staging/mt.private.tfvars]"
19 error node v6.15.0
20 error npm  v3.10.10
21 error code ELIFECYCLE
22 error deploy-scripts@1.0.0 twilioResources: `npm run compile && node dist/terraformSupplemental/twilioResources.js "import-account-defaults" "mt-kellimni-staging" "[-v" "/Users/humairaamahomed/flex-plugins/twilio-iac/mt-kellimni-staging/mt.private.tfvars]"`
22 error Exit status 1
23 error Failed at the deploy-scripts@1.0.0 twilioResources script 'npm run compile && node dist/terraformSupplemental/twilioResources.js "import-account-defaults" "mt-kellimni-staging" "[-v" "/Users/humairaamahomed/flex-plugins/twilio-iac/mt-kellimni-staging/mt.private.tfvars]"'.
23 error Make sure you have the latest version of node.js and npm installed.
23 error If you do, this is most likely a problem with the deploy-scripts package,
23 error not with npm itself.
23 error Tell the author that this fails on your system:
23 error     npm run compile && node dist/terraformSupplemental/twilioResources.js "import-account-defaults" "mt-kellimni-staging" "[-v" "/Users/humairaamahomed/flex-plugins/twilio-iac/mt-kellimni-staging/mt.private.tfvars]"
23 error You can get information on how to open an issue for this project with:
23 error     npm bugs deploy-scripts
23 error Or if that isn't available, you can get their info via:
23 error     npm owner ls deploy-scripts
23 error There is likely additional logging output above.
24 verbose exit [ 1, true ]
